<?xml version="1.0" encoding="UTF-8"?>
<testsuite name="de.dhbw.parprog.DirStatTests" tests="1" skipped="0" failures="0" errors="0" timestamp="2023-10-24T17:39:31" hostname="LAPTOP_LAURENZ" time="0.024">
  <properties/>
  <testcase name="correctStatsInTestdir" classname="de.dhbw.parprog.DirStatTests" time="0.024"/>
  <system-out><![CDATA[]]></system-out>
  <system-err><![CDATA[]]></system-err>
</testsuite>
