<?xml version="1.0" encoding="UTF-8"?>
<testsuite name="de.dhbw.parprog.AccountStateTestsFabian" tests="8" skipped="0" failures="0" errors="0" timestamp="2023-10-16T07:09:51" hostname="LAPTOP_LAURENZ" time="0.015">
  <properties/>
  <testcase name="cantWithdrawBelowMinimum" classname="de.dhbw.parprog.AccountStateTestsFabian" time="0.004"/>
  <testcase name="concurrentTransfersShouldNotCauseIssues" classname="de.dhbw.parprog.AccountStateTestsFabian" time="0.006"/>
  <testcase name="concurrentDepositsShouldNotCauseIssues" classname="de.dhbw.parprog.AccountStateTestsFabian" time="0.003"/>
  <testcase name="canTransferBetweenAccounts" classname="de.dhbw.parprog.AccountStateTestsFabian" time="0.0"/>
  <testcase name="canDepositAndWithdraw" classname="de.dhbw.parprog.AccountStateTestsFabian" time="0.0"/>
  <testcase name="newAccountHasNoCredits" classname="de.dhbw.parprog.AccountStateTestsFabian" time="0.0"/>
  <testcase name="cantTransferMoreThanAvailable" classname="de.dhbw.parprog.AccountStateTestsFabian" time="0.0"/>
  <testcase name="cantDepositMoreThanMaximum" classname="de.dhbw.parprog.AccountStateTestsFabian" time="0.001"/>
  <system-out><![CDATA[]]></system-out>
  <system-err><![CDATA[]]></system-err>
</testsuite>
