<?xml version="1.0" encoding="UTF-8"?>
<testsuite name="de.dhbw.parprog.AccountStateTests" tests="4" skipped="0" failures="0" errors="0" timestamp="2023-10-09T18:13:44" hostname="LAPTOP_LAURENZ" time="0.009">
  <properties/>
  <testcase name="cantWithdrawBelowMinimum" classname="de.dhbw.parprog.AccountStateTests" time="0.005"/>
  <testcase name="canDepositAndWithdraw" classname="de.dhbw.parprog.AccountStateTests" time="0.0"/>
  <testcase name="newAccountHasNoCredits" classname="de.dhbw.parprog.AccountStateTests" time="0.004"/>
  <testcase name="cantDepositMoreThanMaximum" classname="de.dhbw.parprog.AccountStateTests" time="0.0"/>
  <system-out><![CDATA[]]></system-out>
  <system-err><![CDATA[]]></system-err>
</testsuite>
